<?xml version="1.0" encoding="UTF-8"?>
<!-- Generated by org.testng.reporters.JUnitReportReporter -->
<testsuite name="TCS.expedia.TestNG_Grouping" tests="4" time="0.001" ignored="0" failures="0" timestamp="28 Sep 2017 12:23:14 GMT" skipped="0" hostname="Devs-MacBook-Pro.local" errors="0">
  <testcase name="testHondaCBR" time="0.000" classname="TCS.expedia.TestNG_Grouping"/>
  <testcase name="testNinja" time="0.000" classname="TCS.expedia.TestNG_Grouping"/>
  <testcase name="testBMWX6" time="0.000" classname="TCS.expedia.TestNG_Grouping"/>
  <testcase name="testAudiA6" time="0.001" classname="TCS.expedia.TestNG_Grouping"/>
</testsuite> <!-- TCS.expedia.TestNG_Grouping -->
