<?xml version="1.0" encoding="UTF-8"?>
<!-- Generated by org.testng.reporters.JUnitReportReporter -->
<testsuite skipped="0" hostname="Devs-MacBook-Pro.local" name="niit.flightspage.NewTest" tests="1" failures="0" timestamp="12 May 2017 19:09:20 GMT" time="2.240" errors="0">
  <testcase name="fillBasicInfo" time="2.240" classname="niit.flightspage.NewTest"/>
</testsuite> <!-- niit.flightspage.NewTest -->
