<?xml version="1.0" encoding="UTF-8"?>
<!-- Generated by org.testng.reporters.JUnitReportReporter -->
<testsuite skipped="0" hostname="Devs-MacBook-Pro.local" name="niit.flightspage.testNG_Grouping" tests="3" failures="0" timestamp="20 Nov 2019 09:27:52 GMT" time="0.006" errors="0">
  <testcase name="BMW3Series" time="0.000" classname="niit.flightspage.testNG_Grouping"/>
  <testcase name="HondaAccort" time="0.000" classname="niit.flightspage.testNG_Grouping"/>
  <testcase name="AudiA6" time="0.006" classname="niit.flightspage.testNG_Grouping"/>
</testsuite> <!-- niit.flightspage.testNG_Grouping -->
