<?xml version="1.0" encoding="UTF-8"?>
<!-- Generated by org.testng.reporters.JUnitReportReporter -->
<testsuite skipped="0" hostname="Devs-MBP" name="extentreports19.HomePageTest" tests="1" failures="0" timestamp="15 Oct 2019 13:09:01 GMT" time="12.567" errors="0">
  <testcase name="loginTest" time="12.567" classname="extentreports19.HomePageTest"/>
</testsuite> <!-- extentreports19.HomePageTest -->
