<?xml version="1.0" encoding="UTF-8"?>
<!-- Generated by org.testng.reporters.JUnitReportReporter -->
<testsuite skipped="0" hostname="Devs-MacBook-Pro.local" name="testpackage.DatabaseTesting" tests="1" failures="0" timestamp="15 May 2017 08:55:58 GMT" time="0.009" errors="0">
  <testcase name="test" time="0.009" classname="testpackage.DatabaseTesting"/>
</testsuite> <!-- testpackage.DatabaseTesting -->
