<?xml version="1.0" encoding="UTF-8"?>
<!-- Generated by org.testng.reporters.JUnitReportReporter -->
<testsuite skipped="0" hostname="Devs-MBP" name="extentreports19.PracticePageTest" tests="1" failures="0" timestamp="15 Oct 2019 12:53:16 GMT" time="0.064" errors="0">
  <testcase name="enterNameTest" time="0.064" classname="extentreports19.PracticePageTest"/>
</testsuite> <!-- extentreports19.PracticePageTest -->
