<?xml version="1.0" encoding="UTF-8"?>
<!-- Generated by org.testng.reporters.JUnitReportReporter -->
<testsuite skipped="0" hostname="Devs-MacBook-Pro.local" name="extenreports.Test2" tests="1" failures="0" timestamp="04 May 2017 10:06:59 GMT" time="7.431" errors="0">
  <testcase name="test1_validLoginTest" time="7.431" classname="extenreports.Test2"/>
</testsuite> <!-- extenreports.Test2 -->
