<?xml version="1.0" encoding="UTF-8"?>
<!-- Generated by org.testng.reporters.JUnitReportReporter -->
<testsuite skipped="0" hostname="Devs-MacBook-Pro.local" name="extenreports.Test1" tests="1" failures="0" timestamp="04 May 2017 10:06:59 GMT" time="0.208" errors="0">
  <testcase name="f" time="0.208" classname="extenreports.Test1"/>
</testsuite> <!-- extenreports.Test1 -->
