<?xml version="1.0" encoding="UTF-8"?>
<!-- Generated by org.testng.reporters.JUnitReportReporter -->
<testsuite skipped="0" hostname="Devs-MBP" name="extentreports19.Test1" tests="1" failures="0" timestamp="15 Oct 2019 07:30:09 GMT" time="23.838" errors="0">
  <testcase name="loginTest" time="23.838" classname="extentreports19.Test1"/>
</testsuite> <!-- extentreports19.Test1 -->
