<?xml version="1.0" encoding="UTF-8"?>
<!-- Generated by org.testng.reporters.JUnitReportReporter -->
<testsuite skipped="0" hostname="Devs-MacBook-Pro.local" name="extentreports19.Practice" tests="3" failures="0" timestamp="05 Oct 2019 13:13:58 GMT" time="0.016" errors="0">
  <testcase name="practiceTest1" time="0.012" classname="extentreports19.Practice"/>
  <testcase name="practiceTest2" time="0.002" classname="extentreports19.Practice"/>
  <testcase name="practiceTest3" time="0.002" classname="extentreports19.Practice"/>
</testsuite> <!-- extentreports19.Practice -->
