<?xml version="1.0" encoding="UTF-8"?>
<!-- Generated by org.testng.reporters.JUnitReportReporter -->
<testsuite skipped="1" hostname="Devs-MBP" name="testpackage.testNG_Prioritizing" tests="4" failures="0" timestamp="30 Apr 2017 09:15:59 GMT" time="0.013" errors="0">
  <testcase name="BMW3Series" time="0.008" classname="testpackage.testNG_Prioritizing"/>
  <testcase name="BMWX3Series" time="0.003" classname="testpackage.testNG_Prioritizing"/>
  <testcase name="HondaAccort" time="0.002" classname="testpackage.testNG_Prioritizing"/>
  <testcase name="AudiA6" classname="testpackage.testNG_Prioritizing">
    <skipped/>
  </testcase> <!-- AudiA6 -->
</testsuite> <!-- testpackage.testNG_Prioritizing -->
