<?xml version="1.0" encoding="UTF-8"?>
<!-- Generated by org.testng.reporters.JUnitReportReporter -->
<testsuite skipped="0" hostname="Devs-MacBook-Pro.local" name="extenreports.LetsKodeItLogin2" tests="1" failures="0" timestamp="04 May 2017 16:29:12 GMT" time="7.815" errors="0">
  <testcase name="test1_validLoginTest" time="7.815" classname="extenreports.LetsKodeItLogin2"/>
</testsuite> <!-- extenreports.LetsKodeItLogin2 -->
