<?xml version="1.0" encoding="UTF-8"?>
<!-- Generated by org.testng.reporters.JUnitReportReporter -->
<testsuite skipped="0" hostname="Devs-MacBook-Pro.local" name="testpackage.TestNG_MultibrowserAndParallelTests" tests="2" failures="0" timestamp="02 May 2017 16:31:21 GMT" time="2.692" errors="0">
  <testcase name="searchFlights" time="1.310" classname="testpackage.TestNG_MultibrowserAndParallelTests"/>
  <testcase name="searchFlights" time="1.382" classname="testpackage.TestNG_MultibrowserAndParallelTests"/>
</testsuite> <!-- testpackage.TestNG_MultibrowserAndParallelTests -->
