<?xml version="1.0" encoding="UTF-8"?>
<!-- Generated by org.testng.reporters.JUnitReportReporter -->
<testsuite skipped="0" hostname="Devs-MacBook-Pro.local" name="testpackage.PerformanceUsingStopWatch" tests="1" failures="0" timestamp="15 May 2017 16:33:47 GMT" time="16.227" errors="0">
  <testcase name="fillBasicInfo" time="16.227" classname="testpackage.PerformanceUsingStopWatch"/>
</testsuite> <!-- testpackage.PerformanceUsingStopWatch -->
