<?xml version="1.0" encoding="UTF-8"?>
<!-- Generated by org.testng.reporters.JUnitReportReporter -->
<testsuite skipped="0" hostname="Devs-MacBook-Pro.local" name="extentreports19.Practice2" tests="8" failures="0" timestamp="05 Oct 2019 15:43:04 GMT" time="0.015" errors="0">
  <testcase name="skipTest" time="0.001" classname="extentreports19.Practice2"/>
  <testcase name="errorTest" time="0.006" classname="extentreports19.Practice2"/>
  <testcase name="warningTest" time="0.001" classname="extentreports19.Practice2"/>
  <testcase name="fatalTest" time="0.002" classname="extentreports19.Practice2"/>
  <testcase name="infoTest" time="0.001" classname="extentreports19.Practice2"/>
  <testcase name="passTest" time="0.001" classname="extentreports19.Practice2"/>
  <testcase name="unknownTest" time="0.001" classname="extentreports19.Practice2"/>
  <testcase name="failTest" time="0.002" classname="extentreports19.Practice2"/>
</testsuite> <!-- extentreports19.Practice2 -->
