<?xml version="1.0" encoding="UTF-8"?>
<!-- Generated by org.testng.reporters.JUnitReportReporter -->
<testsuite skipped="0" hostname="Devs-MacBook-Pro.local" name="testpackage.testNG_Grouping" tests="3" failures="0" timestamp="12 May 2017 18:24:15 GMT" time="0.015" errors="0">
  <testcase name="HondaAccort" time="0.001" classname="testpackage.testNG_Grouping"/>
  <testcase name="BMW3Series" time="0.002" classname="testpackage.testNG_Grouping"/>
  <testcase name="AudiA6" time="0.012" classname="testpackage.testNG_Grouping"/>
</testsuite> <!-- testpackage.testNG_Grouping -->
