<?xml version="1.0" encoding="UTF-8"?>
<!-- Generated by org.testng.reporters.JUnitReportReporter -->
<testsuite skipped="0" hostname="Devs-MBP" name="extentreports19.Login1" tests="1" failures="0" timestamp="15 Oct 2019 12:18:30 GMT" time="21.175" errors="0">
  <testcase name="loginTest" time="21.175" classname="extentreports19.Login1"/>
</testsuite> <!-- extentreports19.Login1 -->
