<?xml version="1.0" encoding="UTF-8"?>
<!-- Generated by org.testng.reporters.JUnitReportReporter -->
<testsuite skipped="0" hostname="Devs-MacBook-Pro.local" name="testpackage.NewTest" tests="1" failures="0" timestamp="15 May 2017 14:03:53 GMT" time="1.242" errors="0">
  <testcase name="fillBasicInfo" time="1.242" classname="testpackage.NewTest"/>
</testsuite> <!-- testpackage.NewTest -->
