<?xml version="1.0" encoding="UTF-8"?>
<!-- Generated by org.testng.reporters.JUnitReportReporter -->
<testsuite skipped="0" hostname="Devs-MBP" name="extentreports19.SeleniumLoginTest" tests="1" failures="0" timestamp="14 Oct 2019 12:44:20 GMT" time="34.736" errors="0">
  <testcase name="f" time="34.736" classname="extentreports19.SeleniumLoginTest"/>
</testsuite> <!-- extentreports19.SeleniumLoginTest -->
