<?xml version="1.0" encoding="UTF-8"?>
<!-- Generated by org.testng.reporters.JUnitReportReporter -->
<testsuite skipped="0" hostname="Devs-MBP" name="datadriventesting19.UsingExcel" tests="2" failures="0" timestamp="11 Nov 2019 11:29:49 GMT" time="11.643" errors="0">
  <testcase name="invalidLoginTest" time="6.161" classname="datadriventesting19.UsingExcel"/>
  <testcase name="invalidLoginTest" time="5.482" classname="datadriventesting19.UsingExcel"/>
</testsuite> <!-- datadriventesting19.UsingExcel -->
