<?xml version="1.0" encoding="UTF-8"?>
<!-- Generated by org.testng.reporters.JUnitReportReporter -->
<testsuite skipped="0" hostname="Devs-MacBook-Pro.local" name="databasetesting10.DatabaseTesting" tests="1" failures="0" timestamp="12 Nov 2019 06:56:03 GMT" time="0.015" errors="0">
  <testcase name="testier" time="0.015" classname="databasetesting10.DatabaseTesting"/>
</testsuite> <!-- databasetesting10.DatabaseTesting -->
