<?xml version="1.0" encoding="UTF-8"?>
<!-- Generated by org.testng.reporters.JUnitReportReporter -->
<testsuite skipped="0" hostname="Devs-MacBook-Pro.local" name="testpackage.PerformanceTesting" tests="1" failures="0" timestamp="15 May 2017 14:34:30 GMT" time="21.998" errors="0">
  <testcase name="fillBasicInfo" time="21.998" classname="testpackage.PerformanceTesting"/>
</testsuite> <!-- testpackage.PerformanceTesting -->
