<?xml version="1.0" encoding="UTF-8"?>
<!-- Generated by org.testng.reporters.JUnitReportReporter -->
<testsuite skipped="0" hostname="Devs-MacBook-Pro.local" name="testpackage.DatabaseTesting1" tests="1" failures="0" timestamp="15 May 2017 09:54:50 GMT" time="0.008" errors="0">
  <testcase name="test" time="0.008" classname="testpackage.DatabaseTesting1"/>
</testsuite> <!-- testpackage.DatabaseTesting1 -->
