<?xml version="1.0" encoding="UTF-8"?>
<!-- Generated by org.testng.reporters.JUnitReportReporter -->
<testsuite name="TCS.expedia.TestNG_Grouping" tests="2" time="0.008" ignored="2" failures="0" timestamp="28 Sep 2017 12:16:45 GMT" skipped="0" hostname="Devs-MacBook-Pro.local" errors="0">
  <testcase name="testBMWX6" time="0.002" classname="TCS.expedia.TestNG_Grouping"/>
  <testcase name="testAudiA6" time="0.006" classname="TCS.expedia.TestNG_Grouping"/>
  <testcase name="testNinja" classname="TCS.expedia.TestNG_Grouping">
    <skipped/>
  </testcase> <!-- testNinja -->
  <testcase name="testHondaCBR" classname="TCS.expedia.TestNG_Grouping">
    <skipped/>
  </testcase> <!-- testHondaCBR -->
</testsuite> <!-- TCS.expedia.TestNG_Grouping -->
