<?xml version="1.0" encoding="UTF-8"?>
<!-- Generated by org.testng.reporters.JUnitReportReporter -->
<testsuite skipped="0" hostname="Devs-MacBook-Pro.local" name="regressionsuite.NewTest" tests="1" failures="0" timestamp="19 Sep 2019 06:57:49 GMT" time="0.008" errors="0">
  <testcase name="f" time="0.008" classname="regressionsuite.NewTest"/>
</testsuite> <!-- regressionsuite.NewTest -->
