<?xml version="1.0" encoding="UTF-8"?>
<!-- Generated by org.testng.reporters.JUnitReportReporter -->
<testsuite skipped="0" hostname="Devs-MacBook-Pro.local" name="testclasses.BeforeAfterClassMethod" tests="2" failures="0" timestamp="18 Sep 2019 05:56:00 GMT" time="0.009" errors="0">
  <testcase name="testMethodB" time="0.002" classname="testclasses.BeforeAfterClassMethod"/>
  <testcase name="testMethodA" time="0.007" classname="testclasses.BeforeAfterClassMethod"/>
</testsuite> <!-- testclasses.BeforeAfterClassMethod -->
