<?xml version="1.0" encoding="UTF-8"?>
<!-- Generated by org.testng.reporters.JUnitReportReporter -->
<testsuite skipped="0" hostname="Devs-MacBook-Pro.local" name="testclasses.TestClass2" tests="2" failures="0" timestamp="18 Sep 2019 09:04:10 GMT" time="0.002" errors="0">
  <testcase name="testMethodA" time="0.001" classname="testclasses.TestClass2"/>
  <testcase name="testMethodB" time="0.001" classname="testclasses.TestClass2"/>
</testsuite> <!-- testclasses.TestClass2 -->
