<?xml version="1.0" encoding="UTF-8"?>
<!-- Generated by org.testng.reporters.JUnitReportReporter -->
<testsuite skipped="0" hostname="Devs-MacBook-Pro.local" name="testclasses.Priority" tests="3" failures="0" timestamp="19 Sep 2019 11:58:06 GMT" time="0.008" errors="0">
  <testcase name="testMethodB" time="0.006" classname="testclasses.Priority"/>
  <testcase name="testMethodC" time="0.001" classname="testclasses.Priority"/>
  <testcase name="testMethodA" time="0.001" classname="testclasses.Priority"/>
</testsuite> <!-- testclasses.Priority -->
