<?xml version="1.0" encoding="UTF-8"?>
<!-- Generated by org.testng.reporters.JUnitReportReporter -->
<testsuite skipped="0" hostname="Devs-MacBook-Pro.local" name="testclasses.Preserve1" tests="2" failures="0" timestamp="24 Sep 2019 07:27:49 GMT" time="0.011" errors="0">
  <testcase name="testMethod2" time="0.002" classname="testclasses.Preserve1"/>
  <testcase name="testMethod1" time="0.009" classname="testclasses.Preserve1"/>
</testsuite> <!-- testclasses.Preserve1 -->
