<?xml version="1.0" encoding="UTF-8"?>
<!-- Generated by org.testng.reporters.JUnitReportReporter -->
<testsuite skipped="0" hostname="Devs-MacBook-Pro.local" name="testclasses.TestClass1" tests="2" failures="0" timestamp="18 Sep 2019 09:04:10 GMT" time="0.008" errors="0">
  <testcase name="testMethodB" time="0.002" classname="testclasses.TestClass1"/>
  <testcase name="testMethodA" time="0.006" classname="testclasses.TestClass1"/>
</testsuite> <!-- testclasses.TestClass1 -->
