<?xml version="1.0" encoding="UTF-8"?>
<!-- Generated by org.testng.reporters.JUnitReportReporter -->
<testsuite skipped="0" hostname="Devs-MacBook-Pro.local" name="testclasses.TestParameters" tests="1" failures="0" timestamp="25 Sep 2019 11:47:23 GMT" time="0.005" errors="0">
  <testcase name="testMethod" time="0.005" classname="testclasses.TestParameters"/>
</testsuite> <!-- testclasses.TestParameters -->
