<?xml version="1.0" encoding="UTF-8"?>
<!-- Generated by org.testng.reporters.JUnitReportReporter -->
<testsuite skipped="0" hostname="Devs-MacBook-Pro.local" name="testclasses.Parallel_1" tests="2" failures="0" timestamp="25 Sep 2019 11:47:01 GMT" time="12.025" errors="0">
  <testcase name="testMethod_1" time="6.013" classname="testclasses.Parallel_1"/>
  <testcase name="testMethod_2" time="6.012" classname="testclasses.Parallel_1"/>
</testsuite> <!-- testclasses.Parallel_1 -->
