<?xml version="1.0" encoding="UTF-8"?>
<!-- Generated by org.testng.reporters.JUnitReportReporter -->
<testsuite skipped="0" hostname="Devs-MacBook-Pro.local" name="testclasses.Practice" tests="1" failures="0" timestamp="25 Sep 2019 12:51:31 GMT" time="5.824" errors="0">
  <testcase name="testLogin" time="5.824" classname="testclasses.Practice"/>
</testsuite> <!-- testclasses.Practice -->
