<?xml version="1.0" encoding="UTF-8"?>
<!-- Generated by org.testng.reporters.JUnitReportReporter -->
<testsuite skipped="0" hostname="Devs-MacBook-Pro.local" name="testclasses.TestNG_DataProvider" tests="6" failures="0" timestamp="26 Sep 2019 10:14:19 GMT" time="0.017" errors="0">
  <testcase name="testMethod1" time="0.001" classname="testclasses.TestNG_DataProvider"/>
  <testcase name="testMethod1" time="0.009" classname="testclasses.TestNG_DataProvider"/>
  <testcase name="testMethod2" time="0.002" classname="testclasses.TestNG_DataProvider"/>
  <testcase name="testMethod2" time="0.002" classname="testclasses.TestNG_DataProvider"/>
  <testcase name="testMethod1" time="0.002" classname="testclasses.TestNG_DataProvider"/>
  <testcase name="testMethod2" time="0.001" classname="testclasses.TestNG_DataProvider"/>
</testsuite> <!-- testclasses.TestNG_DataProvider -->
