<?xml version="1.0" encoding="UTF-8"?>
<!-- Generated by org.testng.reporters.JUnitReportReporter -->
<testsuite skipped="0" hostname="Devs-MacBook-Pro.local" name="testclasses.Grouping" tests="4" failures="0" timestamp="20 Sep 2019 11:25:52 GMT" time="0.013" errors="0">
  <testcase name="testBMWX6" time="0.003" classname="testclasses.Grouping"/>
  <testcase name="testNinja" time="0.003" classname="testclasses.Grouping"/>
  <testcase name="testAudiA6" time="0.006" classname="testclasses.Grouping"/>
  <testcase name="testHondaCBR" time="0.001" classname="testclasses.Grouping"/>
</testsuite> <!-- testclasses.Grouping -->
