<?xml version="1.0" encoding="UTF-8"?>
<!-- Generated by org.testng.reporters.JUnitReportReporter -->
<testsuite skipped="0" hostname="Devs-MacBook-Pro.local" name="testclasses.Grouping2" tests="2" failures="0" timestamp="20 Sep 2019 11:26:35 GMT" time="0.006" errors="0">
  <testcase name="testBMWX6" time="0.002" classname="testclasses.Grouping2"/>
  <testcase name="testAudiA6" time="0.004" classname="testclasses.Grouping2"/>
</testsuite> <!-- testclasses.Grouping2 -->
