<?xml version="1.0" encoding="UTF-8"?>
<!-- Generated by org.testng.reporters.JUnitReportReporter -->
<testsuite skipped="0" hostname="Devs-MacBook-Pro.local" name="testclasses.TestNG_DataProvider_2" tests="2" failures="0" timestamp="26 Sep 2019 11:13:38 GMT" time="0.011" errors="0">
  <testcase name="testMethod1" time="0.010" classname="testclasses.TestNG_DataProvider_2"/>
  <testcase name="testMethod1" time="0.001" classname="testclasses.TestNG_DataProvider_2"/>
</testsuite> <!-- testclasses.TestNG_DataProvider_2 -->
