<?xml version="1.0" encoding="UTF-8"?>
<!-- Generated by org.testng.reporters.JUnitReportReporter -->
<testsuite skipped="0" hostname="Devs-MacBook-Pro.local" name="testclasses.testAnnotation" tests="3" failures="0" timestamp="16 Sep 2019 13:55:33 GMT" time="0.014" errors="0">
  <testcase name="testMethodB" time="0.002" classname="testclasses.testAnnotation"/>
  <testcase name="testMethodA" time="0.010" classname="testclasses.testAnnotation"/>
  <testcase name="testMethodC" time="0.002" classname="testclasses.testAnnotation"/>
</testsuite> <!-- testclasses.testAnnotation -->
