<?xml version="1.0" encoding="UTF-8"?>
<!-- Generated by org.testng.reporters.JUnitReportReporter -->
<testsuite skipped="0" hostname="Devs-MacBook-Pro.local" name="regressionsuite.TestClass2" tests="2" failures="0" timestamp="19 Sep 2019 10:50:09 GMT" time="0.002" errors="0">
  <testcase name="testMethodA" time="0.001" classname="regressionsuite.TestClass2"/>
  <testcase name="testMethodB" time="0.001" classname="regressionsuite.TestClass2"/>
</testsuite> <!-- regressionsuite.TestClass2 -->
