<?xml version="1.0" encoding="UTF-8"?>
<!-- Generated by org.testng.reporters.JUnitReportReporter -->
<testsuite skipped="0" hostname="Devs-MacBook-Pro.local" name="testclasses.NewTest" tests="1" failures="0" timestamp="03 Oct 2019 10:20:13 GMT" time="0.006" errors="0">
  <testcase name="testMethod1" time="0.006" classname="testclasses.NewTest"/>
</testsuite> <!-- testclasses.NewTest -->
