<?xml version="1.0" encoding="UTF-8"?>
<!-- Generated by org.testng.reporters.JUnitReportReporter -->
<testsuite skipped="1" hostname="Devs-MacBook-Pro.local" name="testclasses.EnabledAndTimeout" tests="2" failures="0" timestamp="24 Sep 2019 06:38:36 GMT" time="0.010" errors="0">
  <testcase name="testMethod2" time="0.010" classname="testclasses.EnabledAndTimeout"/>
  <testcase name="testMethod1" classname="testclasses.EnabledAndTimeout">
    <skipped/>
  </testcase> <!-- testMethod1 -->
</testsuite> <!-- testclasses.EnabledAndTimeout -->
