<?xml version="1.0" encoding="UTF-8"?>
<!-- Generated by org.testng.reporters.JUnitReportReporter -->
<testsuite skipped="0" hostname="Devs-MacBook-Pro.local" name="testclasses.PracticalExercise" tests="2" failures="0" timestamp="25 Sep 2019 12:57:52 GMT" time="12.482" errors="0">
  <testcase name="testLogin" time="4.321" classname="testclasses.PracticalExercise"/>
  <testcase name="testLogin" time="8.161" classname="testclasses.PracticalExercise"/>
</testsuite> <!-- testclasses.PracticalExercise -->
