<?xml version="1.0" encoding="UTF-8"?>
<!-- Generated by org.testng.reporters.JUnitReportReporter -->
<testsuite skipped="0" hostname="Devs-MacBook-Pro.local" name="testclasses.TestNGSoftAssert" tests="1" failures="0" timestamp="17 Sep 2019 10:51:54 GMT" time="0.015" errors="0">
  <testcase name="testSum" time="0.015" classname="testclasses.TestNGSoftAssert"/>
</testsuite> <!-- testclasses.TestNGSoftAssert -->
