<?xml version="1.0" encoding="UTF-8"?>
<!-- Generated by org.testng.reporters.JUnitReportReporter -->
<testsuite skipped="0" hostname="Devs-MacBook-Pro.local" name="testclasses.TestNG_Practice" tests="2" failures="0" timestamp="24 Sep 2017 07:41:54 GMT" time="7.662" errors="0">
  <testcase name="testMethod" time="4.107" classname="testclasses.TestNG_Practice"/>
  <testcase name="testMethod" time="3.555" classname="testclasses.TestNG_Practice"/>
</testsuite> <!-- testclasses.TestNG_Practice -->
