<?xml version="1.0" encoding="UTF-8"?>
<!-- Generated by org.testng.reporters.JUnitReportReporter -->
<testsuite skipped="0" hostname="Devs-MacBook-Pro.local" name="testclasses.TestNG_Asserts" tests="3" failures="0" timestamp="22 Sep 2017 10:44:13 GMT" time="0.013" errors="0">
  <testcase name="testStrings" time="0.002" classname="testclasses.TestNG_Asserts"/>
  <testcase name="testArrays" time="0.010" classname="testclasses.TestNG_Asserts"/>
  <testcase name="testSum" time="0.001" classname="testclasses.TestNG_Asserts"/>
</testsuite> <!-- testclasses.TestNG_Asserts -->
