<?xml version="1.0" encoding="UTF-8"?>
<!-- Generated by org.testng.reporters.JUnitReportReporter -->
<testsuite skipped="0" hostname="Devs-MacBook-Pro.local" name="testclasses.TestNG_TestClass1" tests="2" failures="0" timestamp="28 Sep 2017 10:51:49 GMT" time="0.010" errors="0">
  <testcase name="testMethod2" time="0.002" classname="testclasses.TestNG_TestClass1"/>
  <testcase name="testMethod1" time="0.008" classname="testclasses.TestNG_TestClass1"/>
</testsuite> <!-- testclasses.TestNG_TestClass1 -->
