<?xml version="1.0" encoding="UTF-8"?>
<!-- Generated by org.testng.reporters.JUnitReportReporter -->
<testsuite skipped="0" hostname="Devs-MacBook-Pro.local" name="testclasses.Prac" tests="1" failures="0" timestamp="16 Sep 2019 12:22:47 GMT" time="0.011" errors="0">
  <testcase name="f" time="0.011" classname="testclasses.Prac"/>
</testsuite> <!-- testclasses.Prac -->
