<?xml version="1.0" encoding="UTF-8"?>
<!-- Generated by org.testng.reporters.JUnitReportReporter -->
<testsuite skipped="0" hostname="Devs-MacBook-Pro.local" name="testclasses.TestNG_Parameters" tests="1" failures="0" timestamp="23 Sep 2017 13:30:53 GMT" time="0.005" errors="0">
  <testcase name="testMethod1" time="0.005" classname="testclasses.TestNG_Parameters"/>
</testsuite> <!-- testclasses.TestNG_Parameters -->
