<?xml version="1.0" encoding="UTF-8"?>
<!-- Generated by org.testng.reporters.JUnitReportReporter -->
<testsuite skipped="0" hostname="Devs-MacBook-Pro.local" name="testclasses.TestNG_Before_After_Classes_Methods" tests="2" failures="0" timestamp="22 Sep 2017 12:06:05 GMT" time="0.006" errors="0">
  <testcase name="testMethod2" time="0.002" classname="testclasses.TestNG_Before_After_Classes_Methods"/>
  <testcase name="testMethod1" time="0.004" classname="testclasses.TestNG_Before_After_Classes_Methods"/>
</testsuite> <!-- testclasses.TestNG_Before_After_Classes_Methods -->
