<?xml version="1.0" encoding="UTF-8"?>
<!-- Generated by org.testng.reporters.JUnitReportReporter -->
<testsuite skipped="0" hostname="Devs-MacBook-Pro.local" name="testclasses.TestNGAnnotation" tests="3" failures="0" timestamp="22 Sep 2017 10:02:39 GMT" time="0.011" errors="0">
  <testcase name="testMethod1" time="0.001" classname="testclasses.TestNGAnnotation"/>
  <testcase name="atestMethod2" time="0.009" classname="testclasses.TestNGAnnotation"/>
  <testcase name="testMethod3" time="0.001" classname="testclasses.TestNGAnnotation"/>
</testsuite> <!-- testclasses.TestNGAnnotation -->
