<?xml version="1.0" encoding="UTF-8"?>
<!-- Generated by org.testng.reporters.JUnitReportReporter -->
<testsuite skipped="0" hostname="Devs-MacBook-Pro.local" name="testclasses.TestNG_Grouping" tests="2" failures="0" timestamp="23 Sep 2017 10:48:57 GMT" time="0.007" errors="0">
  <testcase name="testAudiA6" time="0.006" classname="testclasses.TestNG_Grouping"/>
  <testcase name="testBMWX6" time="0.001" classname="testclasses.TestNG_Grouping"/>
</testsuite> <!-- testclasses.TestNG_Grouping -->
