<?xml version="1.0" encoding="UTF-8"?>
<!-- Generated by org.testng.reporters.JUnitReportReporter -->
<testsuite skipped="0" hostname="Devs-MacBook-Pro.local" name="testclasses.TestNG_Preserve1" tests="2" failures="0" timestamp="23 Sep 2017 12:10:14 GMT" time="0.012" errors="0">
  <testcase name="testMethod2" time="0.002" classname="testclasses.TestNG_Preserve1"/>
  <testcase name="testMethod1" time="0.010" classname="testclasses.TestNG_Preserve1"/>
</testsuite> <!-- testclasses.TestNG_Preserve1 -->
