<?xml version="1.0" encoding="UTF-8"?>
<!-- Generated by org.testng.reporters.JUnitReportReporter -->
<testsuite skipped="0" hostname="Devs-MacBook-Pro.local" name="testclasses.TestNG_TestParallel1" tests="2" failures="0" timestamp="23 Sep 2017 13:57:01 GMT" time="12.021" errors="0">
  <testcase name="testMethod2" time="6.010" classname="testclasses.TestNG_TestParallel1"/>
  <testcase name="testMethod1" time="6.011" classname="testclasses.TestNG_TestParallel1"/>
</testsuite> <!-- testclasses.TestNG_TestParallel1 -->
