<?xml version="1.0" encoding="UTF-8"?>
<!-- Generated by org.testng.reporters.JUnitReportReporter -->
<testsuite skipped="0" hostname="Devs-MacBook-Pro.local" name="testpackage.Grid_ParallelTest" tests="1" failures="0" timestamp="27 Sep 2017 06:15:13 GMT" time="1.652" errors="0">
  <testcase name="f" time="1.652" classname="testpackage.Grid_ParallelTest"/>
</testsuite> <!-- testpackage.Grid_ParallelTest -->
